This is pdfTeX, Version 3.14159265-2.6-1.40.17 (MiKTeX 2.9.6100 64-bit) (preloaded format=pdflatex 2016.11.29)  8 DEC 2016 21:00
entering extended mode
**./in≈ºynierka.tex
(in≈ºynierka.tex
LaTeX2e <2016/03/31> patch level 3
Babel <3.9r> and hyphenation patterns for 75 language(s) loaded.
(R:\root\tex\latex\mgr\mgr.cls
Document Class: mgr 2005/12/01 Non-Standard LaTeX document class
(R:\LaTeX\tex\latex\base\bk12.clo
File: bk12.clo 2014/09/29 v1.4h Standard LaTeX file (size option)
)
\c@part=\count79
\c@chapter=\count80
\c@section=\count81
\c@subsection=\count82
\c@subsubsection=\count83
\c@paragraph=\count84
\c@subparagraph=\count85
\c@figure=\count86
\c@table=\count87
\abovecaptionskip=\skip41
\belowcaptionskip=\skip42
\bibindent=\dimen102
) ("R:\Nowy folder\tex\latex\polski\polski.sty"
Package: polski 2008/02/24 v1.3.3 Polish language package

Document language package `polski' v1.3.3 <2008/02/24>
\l@nohyphenation=\language75
   Switching to Polish text encoding and Polish maths fonts.
(R:\LaTeX\tex\latex\base\ot4enc.def
File: ot4enc.def 2016/06/19 v1.99m Standard LaTeX file
)
LaTeX Font Info:    Try loading font information for OT4+cmr on input line 346.

 ("R:\Nowy folder\tex\latex\polski\ot4cmr.fd"
File: ot4cmr.fd 2008/02/24 v1.2.1 Font defs for fonts PL (MW)
)
LaTeX Font Info:    Overwriting math alphabet `\mathbf' in version `normal'
(Font)                  OT1/cmr/bx/n --> OT4/cmr/bx/n on input line 346.
LaTeX Font Info:    Overwriting math alphabet `\mathsf' in version `normal'
(Font)                  OT1/cmss/m/n --> OT4/cmss/m/n on input line 346.
LaTeX Font Info:    Overwriting math alphabet `\mathit' in version `normal'
(Font)                  OT1/cmr/m/it --> OT4/cmr/m/it on input line 346.
LaTeX Font Info:    Overwriting math alphabet `\mathtt' in version `normal'
(Font)                  OT1/cmtt/m/n --> OT4/cmtt/m/n on input line 346.
LaTeX Font Info:    Overwriting math alphabet `\mathsf' in version `bold'
(Font)                  OT1/cmss/bx/n --> OT4/cmss/bx/n on input line 346.
LaTeX Font Info:    Overwriting math alphabet `\mathit' in version `bold'
(Font)                  OT1/cmr/bx/it --> OT4/cmr/bx/it on input line 346.
LaTeX Font Info:    Encoding `OT1' has changed to `OT4' for symbol font
(Font)              `operators' in the math version `normal' on input line 346.

LaTeX Font Info:    Overwriting symbol font `operators' in version `normal'
(Font)                  OT1/cmr/m/n --> OT4/cmr/m/n on input line 346.
LaTeX Font Info:    Overwriting symbol font `letters' in version `normal'
(Font)                  OML/cmm/m/it --> OML/plm/m/it on input line 346.
LaTeX Font Info:    Overwriting symbol font `symbols' in version `normal'
(Font)                  OMS/cmsy/m/n --> OMS/plsy/m/n on input line 346.
LaTeX Font Info:    Overwriting symbol font `largesymbols' in version `normal'
(Font)                  OMX/cmex/m/n --> OMX/plex/m/n on input line 346.
LaTeX Font Info:    Encoding `OT1' has changed to `OT4' for symbol font
(Font)              `operators' in the math version `bold' on input line 346.
LaTeX Font Info:    Overwriting symbol font `operators' in version `bold'
(Font)                  OT1/cmr/bx/n --> OT4/cmr/bx/n on input line 346.
LaTeX Font Info:    Overwriting symbol font `letters' in version `bold'
(Font)                  OML/cmm/b/it --> OML/plm/b/it on input line 346.
LaTeX Font Info:    Overwriting symbol font `symbols' in version `bold'
(Font)                  OMS/cmsy/b/n --> OMS/plsy/b/n on input line 346.
) (R:\LaTeX\tex\latex\base\inputenc.sty
Package: inputenc 2015/03/17 v1.2c Input encoding file
\inpenc@prehook=\toks14
\inpenc@posthook=\toks15
 (R:\LaTeX\tex\latex\base\utf8.def
File: utf8.def 2016/02/28 v1.1s UTF-8 support for inputenc
Now handling font encoding OML ...
... no UTF-8 mapping file for font encoding OML
Now handling font encoding T1 ...
... processing UTF-8 mapping file for font encoding T1

(R:\LaTeX\tex\latex\base\t1enc.dfu
File: t1enc.dfu 2016/02/28 v1.1s UTF-8 support for inputenc
   defining Unicode char U+00A0 (decimal 160)
   defining Unicode char U+00A1 (decimal 161)
   defining Unicode char U+00A3 (decimal 163)
   defining Unicode char U+00AB (decimal 171)
   defining Unicode char U+00AD (decimal 173)
   defining Unicode char U+00BB (decimal 187)
   defining Unicode char U+00BF (decimal 191)
   defining Unicode char U+00C0 (decimal 192)
   defining Unicode char U+00C1 (decimal 193)
   defining Unicode char U+00C2 (decimal 194)
   defining Unicode char U+00C3 (decimal 195)
   defining Unicode char U+00C4 (decimal 196)
   defining Unicode char U+00C5 (decimal 197)
   defining Unicode char U+00C6 (decimal 198)
   defining Unicode char U+00C7 (decimal 199)
   defining Unicode char U+00C8 (decimal 200)
   defining Unicode char U+00C9 (decimal 201)
   defining Unicode char U+00CA (decimal 202)
   defining Unicode char U+00CB (decimal 203)
   defining Unicode char U+00CC (decimal 204)
   defining Unicode char U+00CD (decimal 205)
   defining Unicode char U+00CE (decimal 206)
   defining Unicode char U+00CF (decimal 207)
   defining Unicode char U+00D0 (decimal 208)
   defining Unicode char U+00D1 (decimal 209)
   defining Unicode char U+00D2 (decimal 210)
   defining Unicode char U+00D3 (decimal 211)
   defining Unicode char U+00D4 (decimal 212)
   defining Unicode char U+00D5 (decimal 213)
   defining Unicode char U+00D6 (decimal 214)
   defining Unicode char U+00D8 (decimal 216)
   defining Unicode char U+00D9 (decimal 217)
   defining Unicode char U+00DA (decimal 218)
   defining Unicode char U+00DB (decimal 219)
   defining Unicode char U+00DC (decimal 220)
   defining Unicode char U+00DD (decimal 221)
   defining Unicode char U+00DE (decimal 222)
   defining Unicode char U+00DF (decimal 223)
   defining Unicode char U+00E0 (decimal 224)
   defining Unicode char U+00E1 (decimal 225)
   defining Unicode char U+00E2 (decimal 226)
   defining Unicode char U+00E3 (decimal 227)
   defining Unicode char U+00E4 (decimal 228)
   defining Unicode char U+00E5 (decimal 229)
   defining Unicode char U+00E6 (decimal 230)
   defining Unicode char U+00E7 (decimal 231)
   defining Unicode char U+00E8 (decimal 232)
   defining Unicode char U+00E9 (decimal 233)
   defining Unicode char U+00EA (decimal 234)
   defining Unicode char U+00EB (decimal 235)
   defining Unicode char U+00EC (decimal 236)
   defining Unicode char U+00ED (decimal 237)
   defining Unicode char U+00EE (decimal 238)
   defining Unicode char U+00EF (decimal 239)
   defining Unicode char U+00F0 (decimal 240)
   defining Unicode char U+00F1 (decimal 241)
   defining Unicode char U+00F2 (decimal 242)
   defining Unicode char U+00F3 (decimal 243)
   defining Unicode char U+00F4 (decimal 244)
   defining Unicode char U+00F5 (decimal 245)
   defining Unicode char U+00F6 (decimal 246)
   defining Unicode char U+00F8 (decimal 248)
   defining Unicode char U+00F9 (decimal 249)
   defining Unicode char U+00FA (decimal 250)
   defining Unicode char U+00FB (decimal 251)
   defining Unicode char U+00FC (decimal 252)
   defining Unicode char U+00FD (decimal 253)
   defining Unicode char U+00FE (decimal 254)
   defining Unicode char U+00FF (decimal 255)
   defining Unicode char U+0100 (decimal 256)
   defining Unicode char U+0101 (decimal 257)
   defining Unicode char U+0102 (decimal 258)
   defining Unicode char U+0103 (decimal 259)
   defining Unicode char U+0104 (decimal 260)
   defining Unicode char U+0105 (decimal 261)
   defining Unicode char U+0106 (decimal 262)
   defining Unicode char U+0107 (decimal 263)
   defining Unicode char U+0108 (decimal 264)
   defining Unicode char U+0109 (decimal 265)
   defining Unicode char U+010A (decimal 266)
   defining Unicode char U+010B (decimal 267)
   defining Unicode char U+010C (decimal 268)
   defining Unicode char U+010D (decimal 269)
   defining Unicode char U+010E (decimal 270)
   defining Unicode char U+010F (decimal 271)
   defining Unicode char U+0110 (decimal 272)
   defining Unicode char U+0111 (decimal 273)
   defining Unicode char U+0112 (decimal 274)
   defining Unicode char U+0113 (decimal 275)
   defining Unicode char U+0114 (decimal 276)
   defining Unicode char U+0115 (decimal 277)
   defining Unicode char U+0116 (decimal 278)
   defining Unicode char U+0117 (decimal 279)
   defining Unicode char U+0118 (decimal 280)
   defining Unicode char U+0119 (decimal 281)
   defining Unicode char U+011A (decimal 282)
   defining Unicode char U+011B (decimal 283)
   defining Unicode char U+011C (decimal 284)
   defining Unicode char U+011D (decimal 285)
   defining Unicode char U+011E (decimal 286)
   defining Unicode char U+011F (decimal 287)
   defining Unicode char U+0120 (decimal 288)
   defining Unicode char U+0121 (decimal 289)
   defining Unicode char U+0122 (decimal 290)
   defining Unicode char U+0123 (decimal 291)
   defining Unicode char U+0124 (decimal 292)
   defining Unicode char U+0125 (decimal 293)
   defining Unicode char U+0128 (decimal 296)
   defining Unicode char U+0129 (decimal 297)
   defining Unicode char U+012A (decimal 298)
   defining Unicode char U+012B (decimal 299)
   defining Unicode char U+012C (decimal 300)
   defining Unicode char U+012D (decimal 301)
   defining Unicode char U+012E (decimal 302)
   defining Unicode char U+012F (decimal 303)
   defining Unicode char U+0130 (decimal 304)
   defining Unicode char U+0131 (decimal 305)
   defining Unicode char U+0132 (decimal 306)
   defining Unicode char U+0133 (decimal 307)
   defining Unicode char U+0134 (decimal 308)
   defining Unicode char U+0135 (decimal 309)
   defining Unicode char U+0136 (decimal 310)
   defining Unicode char U+0137 (decimal 311)
   defining Unicode char U+0139 (decimal 313)
   defining Unicode char U+013A (decimal 314)
   defining Unicode char U+013B (decimal 315)
   defining Unicode char U+013C (decimal 316)
   defining Unicode char U+013D (decimal 317)
   defining Unicode char U+013E (decimal 318)
   defining Unicode char U+0141 (decimal 321)
   defining Unicode char U+0142 (decimal 322)
   defining Unicode char U+0143 (decimal 323)
   defining Unicode char U+0144 (decimal 324)
   defining Unicode char U+0145 (decimal 325)
   defining Unicode char U+0146 (decimal 326)
   defining Unicode char U+0147 (decimal 327)
   defining Unicode char U+0148 (decimal 328)
   defining Unicode char U+014A (decimal 330)
   defining Unicode char U+014B (decimal 331)
   defining Unicode char U+014C (decimal 332)
   defining Unicode char U+014D (decimal 333)
   defining Unicode char U+014E (decimal 334)
   defining Unicode char U+014F (decimal 335)
   defining Unicode char U+0150 (decimal 336)
   defining Unicode char U+0151 (decimal 337)
   defining Unicode char U+0152 (decimal 338)
   defining Unicode char U+0153 (decimal 339)
   defining Unicode char U+0154 (decimal 340)
   defining Unicode char U+0155 (decimal 341)
   defining Unicode char U+0156 (decimal 342)
   defining Unicode char U+0157 (decimal 343)
   defining Unicode char U+0158 (decimal 344)
   defining Unicode char U+0159 (decimal 345)
   defining Unicode char U+015A (decimal 346)
   defining Unicode char U+015B (decimal 347)
   defining Unicode char U+015C (decimal 348)
   defining Unicode char U+015D (decimal 349)
   defining Unicode char U+015E (decimal 350)
   defining Unicode char U+015F (decimal 351)
   defining Unicode char U+0160 (decimal 352)
   defining Unicode char U+0161 (decimal 353)
   defining Unicode char U+0162 (decimal 354)
   defining Unicode char U+0163 (decimal 355)
   defining Unicode char U+0164 (decimal 356)
   defining Unicode char U+0165 (decimal 357)
   defining Unicode char U+0168 (decimal 360)
   defining Unicode char U+0169 (decimal 361)
   defining Unicode char U+016A (decimal 362)
   defining Unicode char U+016B (decimal 363)
   defining Unicode char U+016C (decimal 364)
   defining Unicode char U+016D (decimal 365)
   defining Unicode char U+016E (decimal 366)
   defining Unicode char U+016F (decimal 367)
   defining Unicode char U+0170 (decimal 368)
   defining Unicode char U+0171 (decimal 369)
   defining Unicode char U+0172 (decimal 370)
   defining Unicode char U+0173 (decimal 371)
   defining Unicode char U+0174 (decimal 372)
   defining Unicode char U+0175 (decimal 373)
   defining Unicode char U+0176 (decimal 374)
   defining Unicode char U+0177 (decimal 375)
   defining Unicode char U+0178 (decimal 376)
   defining Unicode char U+0179 (decimal 377)
   defining Unicode char U+017A (decimal 378)
   defining Unicode char U+017B (decimal 379)
   defining Unicode char U+017C (decimal 380)
   defining Unicode char U+017D (decimal 381)
   defining Unicode char U+017E (decimal 382)
   defining Unicode char U+01CD (decimal 461)
   defining Unicode char U+01CE (decimal 462)
   defining Unicode char U+01CF (decimal 463)
   defining Unicode char U+01D0 (decimal 464)
   defining Unicode char U+01D1 (decimal 465)
   defining Unicode char U+01D2 (decimal 466)
   defining Unicode char U+01D3 (decimal 467)
   defining Unicode char U+01D4 (decimal 468)
   defining Unicode char U+01E2 (decimal 482)
   defining Unicode char U+01E3 (decimal 483)
   defining Unicode char U+01E6 (decimal 486)
   defining Unicode char U+01E7 (decimal 487)
   defining Unicode char U+01E8 (decimal 488)
   defining Unicode char U+01E9 (decimal 489)
   defining Unicode char U+01EA (decimal 490)
   defining Unicode char U+01EB (decimal 491)
   defining Unicode char U+01F0 (decimal 496)
   defining Unicode char U+01F4 (decimal 500)
   defining Unicode char U+01F5 (decimal 501)
   defining Unicode char U+0218 (decimal 536)
   defining Unicode char U+0219 (decimal 537)
   defining Unicode char U+021A (decimal 538)
   defining Unicode char U+021B (decimal 539)
   defining Unicode char U+1E02 (decimal 7682)
   defining Unicode char U+1E03 (decimal 7683)
   defining Unicode char U+200C (decimal 8204)
   defining Unicode char U+2010 (decimal 8208)
   defining Unicode char U+2011 (decimal 8209)
   defining Unicode char U+2012 (decimal 8210)
   defining Unicode char U+2013 (decimal 8211)
   defining Unicode char U+2014 (decimal 8212)
   defining Unicode char U+2015 (decimal 8213)
   defining Unicode char U+2018 (decimal 8216)
   defining Unicode char U+2019 (decimal 8217)
   defining Unicode char U+201A (decimal 8218)
   defining Unicode char U+201C (decimal 8220)
   defining Unicode char U+201D (decimal 8221)
   defining Unicode char U+201E (decimal 8222)
   defining Unicode char U+2030 (decimal 8240)
   defining Unicode char U+2031 (decimal 8241)
   defining Unicode char U+2039 (decimal 8249)
   defining Unicode char U+203A (decimal 8250)
   defining Unicode char U+2423 (decimal 9251)
)
Now handling font encoding OT1 ...
... processing UTF-8 mapping file for font encoding OT1
 (R:\LaTeX\tex\latex\base\ot1enc.dfu
File: ot1enc.dfu 2016/02/28 v1.1s UTF-8 support for inputenc
   defining Unicode char U+00A0 (decimal 160)
   defining Unicode char U+00A1 (decimal 161)
   defining Unicode char U+00A3 (decimal 163)
   defining Unicode char U+00AD (decimal 173)
   defining Unicode char U+00B8 (decimal 184)
   defining Unicode char U+00BF (decimal 191)
   defining Unicode char U+00C5 (decimal 197)
   defining Unicode char U+00C6 (decimal 198)
   defining Unicode char U+00D8 (decimal 216)
   defining Unicode char U+00DF (decimal 223)
   defining Unicode char U+00E6 (decimal 230)
   defining Unicode char U+00EC (decimal 236)
   defining Unicode char U+00ED (decimal 237)
   defining Unicode char U+00EE (decimal 238)
   defining Unicode char U+00EF (decimal 239)
   defining Unicode char U+00F8 (decimal 248)
   defining Unicode char U+0131 (decimal 305)
   defining Unicode char U+0141 (decimal 321)
   defining Unicode char U+0142 (decimal 322)
   defining Unicode char U+0152 (decimal 338)
   defining Unicode char U+0153 (decimal 339)
   defining Unicode char U+0174 (decimal 372)
   defining Unicode char U+0175 (decimal 373)
   defining Unicode char U+0176 (decimal 374)
   defining Unicode char U+0177 (decimal 375)
   defining Unicode char U+0218 (decimal 536)
   defining Unicode char U+0219 (decimal 537)
   defining Unicode char U+021A (decimal 538)
   defining Unicode char U+021B (decimal 539)
   defining Unicode char U+2013 (decimal 8211)
   defining Unicode char U+2014 (decimal 8212)
   defining Unicode char U+2018 (decimal 8216)
   defining Unicode char U+2019 (decimal 8217)
   defining Unicode char U+201C (decimal 8220)
   defining Unicode char U+201D (decimal 8221)
)
Now handling font encoding OMS ...
... processing UTF-8 mapping file for font encoding OMS

(R:\LaTeX\tex\latex\base\omsenc.dfu
File: omsenc.dfu 2016/02/28 v1.1s UTF-8 support for inputenc
   defining Unicode char U+00A7 (decimal 167)
   defining Unicode char U+00B6 (decimal 182)
   defining Unicode char U+00B7 (decimal 183)
   defining Unicode char U+2020 (decimal 8224)
   defining Unicode char U+2021 (decimal 8225)
   defining Unicode char U+2022 (decimal 8226)
)
Now handling font encoding OMX ...
... no UTF-8 mapping file for font encoding OMX
Now handling font encoding U ...
... no UTF-8 mapping file for font encoding U
Now handling font encoding OT4 ...
... no UTF-8 mapping file for font encoding OT4
   defining Unicode char U+00A9 (decimal 169)
   defining Unicode char U+00AA (decimal 170)
   defining Unicode char U+00AE (decimal 174)
   defining Unicode char U+00BA (decimal 186)
   defining Unicode char U+02C6 (decimal 710)
   defining Unicode char U+02DC (decimal 732)
   defining Unicode char U+200C (decimal 8204)
   defining Unicode char U+2026 (decimal 8230)
   defining Unicode char U+2122 (decimal 8482)
   defining Unicode char U+2423 (decimal 9251)
)) (R:\LaTeX\tex\latex\base\fontenc.sty
Package: fontenc 2016/06/19 v1.99m Standard LaTeX package

(R:\LaTeX\tex\latex\base\t1enc.def
File: t1enc.def 2016/06/19 v1.99m Standard LaTeX file
LaTeX Font Info:    Redeclaring font encoding T1 on input line 48.
)) (R:\LaTeX\tex\latex\graphics\graphicx.sty
Package: graphicx 2014/10/28 v1.0g Enhanced LaTeX Graphics (DPC,SPQR)

(R:\LaTeX\tex\latex\graphics\keyval.sty
Package: keyval 2014/10/28 v1.15 key=value parser (DPC)
\KV@toks@=\toks16
)
(R:\LaTeX\tex\latex\graphics\graphics.sty
Package: graphics 2016/07/10 v1.0t Standard LaTeX Graphics (DPC,SPQR)
 (R:\LaTeX\tex\latex\graphics\trig.sty
Package: trig 2016/01/03 v1.10 sin cos tan (DPC)
) (R:\LaTeX\tex\latex\graphics-cfg\graphics.cfg
File: graphics.cfg 2016/06/04 v1.11 sample graphics configuration
)
Package graphics Info: Driver file: pdftex.def on input line 99.

(R:\LaTeX\tex\latex\graphics-def\pdftex.def
File: pdftex.def 2016/07/10 v0.06j Graphics/color for pdfTeX

(R:\LaTeX\tex\generic\oberdiek\infwarerr.sty
Package: infwarerr 2016/05/16 v1.4 Providing info/warning/error messages (HO)
)
(R:\LaTeX\tex\generic\oberdiek\ltxcmds.sty
Package: ltxcmds 2016/05/16 v1.23 LaTeX kernel commands for general use (HO)
)
\Gread@gobject=\count88
))
\Gin@req@height=\dimen103
\Gin@req@width=\dimen104
)
("R:\Nowy folder\tex\latex\subfigure\subfigure.sty"
Package: subfigure 2002/07/30 v2.1.4 subfigure package
\subfigtopskip=\skip43
\subfigcapskip=\skip44
\subfigcaptopadj=\dimen105
\subfigbottomskip=\skip45
\subfigcapmargin=\dimen106
\subfiglabelskip=\skip46
\c@subfigure=\count89
\c@lofdepth=\count90
\c@subtable=\count91
\c@lotdepth=\count92

****************************************
* Local config file subfigure.cfg used *
****************************************
("R:\Nowy folder\tex\latex\subfigure\subfigure.cfg")
\subfig@top=\skip47
\subfig@bottom=\skip48
)
(R:\LaTeX\tex\latex\graphics\rotating.sty
Package: rotating 2016/05/22 v2.16c rotated objects in LaTeX
 (R:\LaTeX\tex\latex\base\ifthen.sty
Package: ifthen 2014/09/29 v1.1c Standard LaTeX ifthen package (DPC)
)
\c@r@tfl@t=\count93
\rotFPtop=\skip49
\rotFPbot=\skip50
\rot@float@box=\box26
\rot@mess@toks=\toks17
) ("R:\Nowy folder\tex\latex\subfig\subfig.sty"
Package: subfig 2005/06/28 ver: 1.3 subfig package

("R:\Nowy folder\tex\latex\caption\caption.sty"
Package: caption 2016/02/21 v3.3-144 Customizing captions (AR)

("R:\Nowy folder\tex\latex\caption\caption3.sty"
Package: caption3 2016/05/22 v1.7-166 caption3 kernel (AR)
Package caption3 Info: TeX engine: e-TeX on input line 67.
\captionmargin=\dimen107
\captionmargin@=\dimen108
\captionwidth=\dimen109
\caption@tempdima=\dimen110
\caption@indent=\dimen111
\caption@parindent=\dimen112
\caption@hangindent=\dimen113
Package caption Info: Unknown document class (or package),
(caption)             standard defaults will be used.
)

Package caption Warning: Unsupported document class (or package) detected,
(caption)                usage of the caption package is not recommended.
See the caption package documentation for explanation.

Package caption Info: \@makecaption = \long macro:#1#2->\vskip \abovecaptionski
p \sbox \@tempboxa {#1~~#2}\ifdim \wd \@tempboxa >\hsize #1~~#2\par \else \glob
al \@minipagefalse \hb@xt@ \hsize {\hfil \box \@tempboxa \hfil }\fi \vskip \bel
owcaptionskip .
\c@ContinuedFloat=\count94
Package caption Info: rotating package is loaded.
Package caption Info: subfigure package is loaded.
)
\c@KVtest=\count95
\sf@farskip=\skip51
\sf@captopadj=\dimen114
\sf@capskip=\skip52
\sf@nearskip=\skip53
\sf@top=\skip54
\sf@bottom=\skip55
) ("R:\Nowy folder\tex\latex\psfrag\psfrag.sty"
Package: psfrag 1998/04/11 v3.04 PSfrag (MCG)
\pfg@pcount=\count96
\pfg@scount=\count97
\pfg@temp=\write3
)
(R:\LaTeX\tex\latex\amsmath\amsmath.sty
Package: amsmath 2016/06/28 v2.15d AMS math features
\@mathmargin=\skip56

For additional information on amsmath, use the `?' option.
(R:\LaTeX\tex\latex\amsmath\amstext.sty
Package: amstext 2000/06/29 v2.01 AMS text
 (R:\LaTeX\tex\latex\amsmath\amsgen.sty
File: amsgen.sty 1999/11/30 v2.0 generic functions
\@emptytoks=\toks18
\ex@=\dimen115
)) (R:\LaTeX\tex\latex\amsmath\amsbsy.sty
Package: amsbsy 1999/11/29 v1.2d Bold Symbols
\pmbraise@=\dimen116
)
(R:\LaTeX\tex\latex\amsmath\amsopn.sty
Package: amsopn 2016/03/08 v2.02 operator names
)
\inf@bad=\count98
LaTeX Info: Redefining \frac on input line 199.
\uproot@=\count99
\leftroot@=\count100
LaTeX Info: Redefining \overline on input line 297.
\classnum@=\count101
\DOTSCASE@=\count102
LaTeX Info: Redefining \ldots on input line 394.
LaTeX Info: Redefining \dots on input line 397.
LaTeX Info: Redefining \cdots on input line 518.
\Mathstrutbox@=\box27
\strutbox@=\box28
\big@size=\dimen117
LaTeX Font Info:    Redeclaring font encoding OML on input line 634.
LaTeX Font Info:    Redeclaring font encoding OMS on input line 635.
\macc@depth=\count103
\c@MaxMatrixCols=\count104
\dotsspace@=\muskip10
\c@parentequation=\count105
\dspbrk@lvl=\count106
\tag@help=\toks19
\row@=\count107
\column@=\count108
\maxfields@=\count109
\andhelp@=\toks20
\eqnshift@=\dimen118
\alignsep@=\dimen119
\tagshift@=\dimen120
\tagwidth@=\dimen121
\totwidth@=\dimen122
\lineht@=\dimen123
\@envbody=\toks21
\multlinegap=\skip57
\multlinetaggap=\skip58
\mathdisplay@stack=\toks22
LaTeX Info: Redefining \[ on input line 2739.
LaTeX Info: Redefining \] on input line 2740.
)
(R:\LaTeX\tex\latex\amsfonts\amsfonts.sty
Package: amsfonts 2013/01/14 v3.01 Basic AMSFonts support
\symAMSa=\mathgroup4
\symAMSb=\mathgroup5
LaTeX Font Info:    Overwriting math alphabet `\mathfrak' in version `bold'
(Font)                  U/euf/m/n --> U/euf/b/n on input line 106.
)
("R:\Nowy folder\tex\latex\supertabular\supertabular.sty"
Package: supertabular 2004/02/20 v4.1e the supertabular environment
\c@tracingst=\count110
\ST@wd=\dimen124
\ST@rightskip=\skip59
\ST@leftskip=\skip60
\ST@parfillskip=\skip61
\ST@pageleft=\dimen125
\ST@headht=\dimen126
\ST@tailht=\dimen127
\ST@pagesofar=\dimen128
\ST@pboxht=\dimen129
\ST@lineht=\dimen130
\ST@stretchht=\dimen131
\ST@prevht=\dimen132
\ST@toadd=\dimen133
\ST@dimen=\dimen134
\ST@pbox=\box29
)
(R:\LaTeX\tex\latex\tools\array.sty
Package: array 2014/10/28 v2.4c Tabular extension package (FMi)
\col@sep=\dimen135
\extrarowheight=\dimen136
\NC@list=\toks23
\extratabsurround=\skip62
\backup@length=\skip63
) (R:\LaTeX\tex\latex\tools\tabularx.sty
Package: tabularx 2016/02/03 v2.11 `tabularx' package (DPC)
\TX@col@width=\dimen137
\TX@old@table=\dimen138
\TX@old@col=\dimen139
\TX@target=\dimen140
\TX@delta=\dimen141
\TX@cols=\count111
\TX@ftn=\toks24
)
(R:\LaTeX\tex\latex\tools\hhline.sty
Package: hhline 2014/10/28 v2.03 Table rule package (DPC)
)
("R:\Nowy folder\tex\latex\showlabels\showlabels.sty"
Package: showlabels 2015/12/08 v1.7

Package: `showlabels' v1.7 <2015/12/08>
with amsmath equation tags
\SL@labelposition=\count112
) (R:\LaTeX\tex\latex\tools\indentfirst.sty
Package: indentfirst 1995/11/23 v1.03 Indent first paragraph (DPC)
)
("R:\Nowy folder\tex\latex\listings\listings.sty"
\lst@mode=\count113
\lst@gtempboxa=\box30
\lst@token=\toks25
\lst@length=\count114
\lst@currlwidth=\dimen142
\lst@column=\count115
\lst@pos=\count116
\lst@lostspace=\dimen143
\lst@width=\dimen144
\lst@newlines=\count117
\lst@lineno=\count118
\lst@maxwidth=\dimen145

("R:\Nowy folder\tex\latex\listings\lstmisc.sty"
File: lstmisc.sty 2015/06/04 1.6 (Carsten Heinz)
\c@lstnumber=\count119
\lst@skipnumbers=\count120
\lst@framebox=\box31
)
("R:\Nowy folder\tex\latex\listings\listings.cfg"
File: listings.cfg 2015/06/04 1.6 listings configuration
))
Package: listings 2015/06/04 1.6 (Carsten Heinz)

(R:\LaTeX\tex\latex\psnfss\courier.sty
Package: courier 2005/04/12 PSNFSS-v9.2a (WaS) 
) (in≈ºynierka.aux)
\openout1 = `in≈ºynierka.aux'.

LaTeX Font Info:    Checking defaults for OML/cmm/m/it on input line 33.
LaTeX Font Info:    ... okay on input line 33.
LaTeX Font Info:    Checking defaults for T1/cmr/m/n on input line 33.
LaTeX Font Info:    ... okay on input line 33.
LaTeX Font Info:    Checking defaults for OT1/cmr/m/n on input line 33.
LaTeX Font Info:    ... okay on input line 33.
LaTeX Font Info:    Checking defaults for OMS/cmsy/m/n on input line 33.
LaTeX Font Info:    ... okay on input line 33.
LaTeX Font Info:    Checking defaults for OMX/cmex/m/n on input line 33.
LaTeX Font Info:    ... okay on input line 33.
LaTeX Font Info:    Checking defaults for U/cmr/m/n on input line 33.
LaTeX Font Info:    ... okay on input line 33.
LaTeX Font Info:    Checking defaults for OT4/cmr/m/n on input line 33.
LaTeX Font Info:    ... okay on input line 33.

("R:\Nowy folder\tex\context\base\supp-pdf.mkii"
[Loading MPS to PDF converter (version 2006.09.02).]
\scratchcounter=\count121
\scratchdimen=\dimen146
\scratchbox=\box32
\nofMPsegments=\count122
\nofMParguments=\count123
\everyMPshowfont=\toks26
\MPscratchCnt=\count124
\MPscratchDim=\dimen147
\MPnumerator=\count125
\makeMPintoPDFobject=\count126
\everyMPtoPDFconversion=\toks27
) (R:\LaTeX\tex\generic\oberdiek\pdftexcmds.sty
Package: pdftexcmds 2016/05/21 v0.22 Utility functions of pdfTeX for LuaTeX (HO
)

(R:\LaTeX\tex\generic\oberdiek\ifluatex.sty
Package: ifluatex 2016/05/16 v1.4 Provides the ifluatex switch (HO)
Package ifluatex Info: LuaTeX not detected.
)
(R:\LaTeX\tex\generic\oberdiek\ifpdf.sty
Package: ifpdf 2016/05/14 v3.1 Provides the ifpdf switch
)
Package pdftexcmds Info: LuaTeX not detected.
Package pdftexcmds Info: \pdf@primitive is available.
Package pdftexcmds Info: \pdf@ifprimitive is available.
Package pdftexcmds Info: \pdfdraftmode found.
)
(R:\LaTeX\tex\latex\oberdiek\epstopdf-base.sty
Package: epstopdf-base 2016/05/15 v2.6 Base part for package epstopdf

(R:\LaTeX\tex\latex\oberdiek\grfext.sty
Package: grfext 2016/05/16 v1.2 Manage graphics extensions (HO)

(R:\LaTeX\tex\generic\oberdiek\kvdefinekeys.sty
Package: kvdefinekeys 2016/05/16 v1.4 Define keys (HO)
))
(R:\LaTeX\tex\latex\oberdiek\kvoptions.sty
Package: kvoptions 2016/05/16 v3.12 Key value format for package options (HO)

(R:\LaTeX\tex\generic\oberdiek\kvsetkeys.sty
Package: kvsetkeys 2016/05/16 v1.17 Key value parser (HO)

(R:\LaTeX\tex\generic\oberdiek\etexcmds.sty
Package: etexcmds 2016/05/16 v1.6 Avoid name clashes with e-TeX commands (HO)
Package etexcmds Info: Could not find \expanded.
(etexcmds)             That can mean that you are not using pdfTeX 1.50 or
(etexcmds)             that some package has redefined \expanded.
(etexcmds)             In the latter case, load this package earlier.
)))
Package epstopdf-base Info: Redefining graphics rule for `.eps' on input line 4
38.
Package grfext Info: Graphics extension search list:
(grfext)             [.png,.pdf,.jpg,.mps,.jpeg,.jbig2,.jb2,.PNG,.PDF,.JPG,.JPE
G,.JBIG2,.JB2,.eps]
(grfext)             \AppendGraphicsExtensions on input line 456.
)
Package caption Info: Begin \AtBeginDocument code.
Package caption Info: subfig package v1.3 is loaded.
Package caption Info: listings package is loaded.
Package caption Info: supertabular package is loaded.
Package caption Info: End \AtBeginDocument code.
\c@lstlisting=\count127
\@temphbadness=\count128
\@tempvbadness=\count129
\@temphfuzz=\skip64
\@temptextwidth=\skip65
\@temptextheight=\skip66
\@temptopmargin=\skip67
\@tempheadheight=\skip68
\@tempheadsep=\skip69
\@tempoddsidemargin=\skip70
\@tempevensidemargin=\skip71
LaTeX Font Info:    Try loading font information for OML+plm on input line 34.

("R:\Nowy folder\tex\latex\polski\omlplm.fd"
File: omlplm.fd 2008/02/24 v1.2.1 Font defs for fonts PL (MW)
)
LaTeX Font Info:    Try loading font information for OMS+plsy on input line 34.


("R:\Nowy folder\tex\latex\polski\omsplsy.fd"
File: omsplsy.fd 2008/02/24 v1.2.1 Font defs for fonts PL (MW)
)
LaTeX Font Info:    Try loading font information for OMX+plex on input line 34.


("R:\Nowy folder\tex\latex\polski\omxplex.fd"
File: omxplex.fd 2008/02/24 v1.2.1 Font defs for fonts PL (MW)
)
LaTeX Font Info:    External font `plex10' loaded for size
(Font)              <12> on input line 34.
LaTeX Font Info:    External font `plex10' loaded for size
(Font)              <8> on input line 34.
LaTeX Font Info:    External font `plex10' loaded for size
(Font)              <6> on input line 34.
LaTeX Font Info:    Try loading font information for U+msa on input line 34.

(R:\LaTeX\tex\latex\amsfonts\umsa.fd
File: umsa.fd 2013/01/14 v3.01 AMS symbols A
)
LaTeX Font Info:    Try loading font information for U+msb on input line 34.
 (R:\LaTeX\tex\latex\amsfonts\umsb.fd
File: umsb.fd 2013/01/14 v3.01 AMS symbols B
)
\@tempheightkier=\skip72
\@tempheighttkier=\skip73
\@tempheightspec=\skip74
\@tempheighttspec=\skip75

[1
Non-PDF special ignored!



{C:/Users/nieop/AppData/Local/MiKTeX/2.9/pdftex/config/pdftex.map}] (in≈ºynierk
a.toc)
\tf@toc=\write4
\openout4 = `in≈ºynierka.toc'.

 [1


]
Rozdzia\PlPrIeC {\l } 1.
[2


] [3] [4]
Rozdzia\PlPrIeC {\l } 2.
<cyklprzetwarzania.png, id=26, 706.13812pt x 389.95688pt>
File: cyklprzetwarzania.png Graphic file (type png)

<use cyklprzetwarzania.png>
Package pdftex.def Info: cyklprzetwarzania.png used on input line 57.
(pdftex.def)             Requested size: 353.06819pt x 194.97795pt.
 [5


 <./cyklprzetwarzania.png>]
LaTeX Font Info:    Try loading font information for OMS+cmr on input line 70.

(R:\LaTeX\tex\latex\base\omscmr.fd
File: omscmr.fd 2014/09/29 v2.5h Standard LaTeX font definitions
)
LaTeX Font Info:    Font shape `OMS/cmr/m/n' in size <12> not available
(Font)              Font shape `OMS/cmsy/m/n' tried instead on input line 70.
 [6]
<golinatlo.jpg, id=37, 752.8125pt x 565.11125pt>
File: golinatlo.jpg Graphic file (type jpg)
 <use golinatlo.jpg>
Package pdftex.def Info: golinatlo.jpg used on input line 99.
(pdftex.def)             Requested size: 188.20265pt x 141.27747pt.

<golinalightness.jpg, id=38, 752.8125pt x 565.11125pt>
File: golinalightness.jpg Graphic file (type jpg)

<use golinalightness.jpg>
Package pdftex.def Info: golinalightness.jpg used on input line 103.
(pdftex.def)             Requested size: 188.20265pt x 141.27747pt.
 <golinaaverage.jpg, id=39, 752.8125pt x 565.11125pt>
File: golinaaverage.jpg Graphic file (type jpg)

<use golinaaverage.jpg>
Package pdftex.def Info: golinaaverage.jpg used on input line 107.
(pdftex.def)             Requested size: 188.20265pt x 141.27747pt.
 <golinaluminance.jpg, id=40, 752.8125pt x 565.11125pt>
File: golinaluminance.jpg Graphic file (type jpg)

<use golinaluminance.jpg>
Package pdftex.def Info: golinaluminance.jpg used on input line 111.
(pdftex.def)             Requested size: 188.20265pt x 141.27747pt.
 [7 <./golinatlo.jpg> <./golinalightness.jpg> <./golinaaverage.jpg> <./golinalu
minance.jpg>] [8] [9]
File: golinatlo.jpg Graphic file (type jpg)
 <use golinatlo.jpg>
Package pdftex.def Info: golinatlo.jpg used on input line 196.
(pdftex.def)             Requested size: 188.20265pt x 141.27747pt.

<golinaotsu.jpg, id=56, 752.8125pt x 565.11125pt>
File: golinaotsu.jpg Graphic file (type jpg)
 <use golinaotsu.jpg>
Package pdftex.def Info: golinaotsu.jpg used on input line 200.
(pdftex.def)             Requested size: 188.20265pt x 141.27747pt.
 [10 <./golinaotsu.jpg>] [11]
File: golinatlo.jpg Graphic file (type jpg)
 <use golinatlo.jpg>
Package pdftex.def Info: golinatlo.jpg used on input line 264.
(pdftex.def)             Requested size: 188.20265pt x 141.27747pt.

<golinacanny.jpg, id=64, 752.8125pt x 565.11125pt>
File: golinacanny.jpg Graphic file (type jpg)
 <use golinacanny.jpg>
Package pdftex.def Info: golinacanny.jpg used on input line 268.
(pdftex.def)             Requested size: 188.20265pt x 141.27747pt.

[12 <./golinacanny.jpg>]
Rozdzia\PlPrIeC {\l } 3.
<diagramuml.png, id=71, 1033.8625pt x 838.13126pt>
File: diagramuml.png Graphic file (type png)
 <use diagramuml.png>
Package pdftex.def Info: diagramuml.png used on input line 277.
(pdftex.def)             Requested size: 506.59706pt x 410.68791pt.

Overfull \hbox (51.35298pt too wide) in paragraph at lines 277--280
 [][] 
 []

[13


 <./diagramuml.png>]
Overfull \hbox (3.53181pt too wide) in paragraph at lines 286--287
\T1/cmr/bx/n/12 inAc-ti-vi-ty\T1/cmr/m/n/12 . W In-ten-cji, zro-bio-ne zdj¶-cie
 prze-sy-™a-ne jest do funk-cji $\OML/plm/m/it/12 onActivityResult$\T1/cmr/m/n/
12 ,
 []


Overfull \hbox (6.32228pt too wide) in paragraph at lines 287--288
\T1/cmr/bx/n/12 ti-vi-ty\T1/cmr/m/n/12 . Zaj-mu-je si¶ ob-s™u-g° Wi-do-ku te-st
o-we-go, wy-±wie-tla obiek-ty ty-pu $\OML/plm/m/it/12 ImageButton$\T1/cmr/m/n/1
2 ,
 []

[14] <usecasediagram.png, id=80, 970.62625pt x 672.5125pt>
File: usecasediagram.png Graphic file (type png)

<use usecasediagram.png>
Package pdftex.def Info: usecasediagram.png used on input line 302.
(pdftex.def)             Requested size: 582.38025pt x 403.5106pt.
 [15] [16 <./usecasediagram.png>]
Rozdzia\PlPrIeC {\l } 4.
[17


]
LaTeX Font Info:    Try loading font information for T1+pcr on input line 314.
 (R:\LaTeX\tex\latex\psnfss\t1pcr.fd
File: t1pcr.fd 2001/06/04 font definitions for T1/pcr.
)

LaTeX Warning: Command \' invalid in math mode on input line 332.


LaTeX Warning: Command \' invalid in math mode on input line 332.


LaTeX Warning: Command \' invalid in math mode on input line 332.

Missing character: There is no π in font plmi12!
Missing character: There is no ± in font plmi12!
Missing character: There is no ¢ in font plmi12!
[18] [19] [20] [21] [22] [23]
Rozdzia\PlPrIeC {\l } 5.
<glownywidok.png, id=111, 122.859pt x 218.781pt>
File: glownywidok.png Graphic file (type png)
 <use glownywidok.png>
Package pdftex.def Info: glownywidok.png used on input line 480.
(pdftex.def)             Requested size: 122.85867pt x 218.78046pt.
 [24


 <./glownywidok.png>] <widoktest.png, id=116, 125.487pt x 223.0515pt>
File: widoktest.png Graphic file (type png)

<use widoktest.png>
Package pdftex.def Info: widoktest.png used on input line 493.
(pdftex.def)             Requested size: 125.48668pt x 223.05095pt.
 <strefaruchu.jpg, id=117, 135.6705pt x 101.835pt>
File: strefaruchu.jpg Graphic file (type jpg)

<use strefaruchu.jpg>
Package pdftex.def Info: strefaruchu.jpg used on input line 505.
(pdftex.def)             Requested size: 108.53653pt x 81.4681pt.
 <strefaruchuwynik.png, id=118, 93.6225pt x 166.878pt>
File: strefaruchuwynik.png Graphic file (type png)

<use strefaruchuwynik.png>
Package pdftex.def Info: strefaruchuwynik.png used on input line 509.
(pdftex.def)             Requested size: 74.89809pt x 133.50256pt.

Underfull \hbox (badness 10000) in paragraph at lines 509--509
[]\T1/cmr/m/n/10 (b) Ob-raz prze-
 []

<uwaga.png, id=119, 200.24812pt x 143.03438pt>
File: uwaga.png Graphic file (type png)
 <use uwaga.png>
Package pdftex.def Info: uwaga.png used on input line 520.
(pdftex.def)             Requested size: 120.1498pt x 85.82127pt.

<uwagawynik.png, id=120, 87.0525pt x 155.052pt>
File: uwagawynik.png Graphic file (type png)
 <use uwagawynik.png>
Package pdftex.def Info: uwagawynik.png used on input line 524.
(pdftex.def)             Requested size: 69.64209pt x 124.04176pt.

Underfull \hbox (badness 4060) in paragraph at lines 524--524
[]\T1/cmr/m/n/10 (b) Ob-raz prze-
 []

<golina.jpg, id=121, 136.3275pt x 102.1635pt>
File: golina.jpg Graphic file (type jpg)
 <use golina.jpg>
Package pdftex.def Info: golina.jpg used on input line 534.
(pdftex.def)             Requested size: 109.06213pt x 81.73088pt.

<golinawynik.png, id=122, 85.7385pt x 152.424pt>
File: golinawynik.png Graphic file (type png)
 <use golinawynik.png>
Package pdftex.def Info: golinawynik.png used on input line 538.
(pdftex.def)             Requested size: 68.59088pt x 121.93935pt.

Underfull \hbox (badness 2735) in paragraph at lines 538--538
[]\T1/cmr/m/n/10 (b) Ob-raz prze-
 []

[25 <./widoktest.png>] [26 <./strefaruchu.jpg> <./strefaruchuwynik.png> <./uwag
a.png> <./uwagawynik.png> <./golina.jpg> <./golinawynik.png>]
<rozbiorka.jpg, id=130, 187.45032pt x 128.73094pt>
File: rozbiorka.jpg Graphic file (type jpg)
 <use rozbiorka.jpg>
Package pdftex.def Info: rozbiorka.jpg used on input line 551.
(pdftex.def)             Requested size: 121.84125pt x 83.6741pt.

<rozbiorkawynik.jpg, id=131, 225.84375pt x 155.58125pt>
File: rozbiorkawynik.jpg Graphic file (type jpg)

<use rozbiorkawynik.jpg>
Package pdftex.def Info: rozbiorkawynik.jpg used on input line 555.
(pdftex.def)             Requested size: 124.21443pt x 85.56993pt.
 <opatkowice.jpg, id=132, 1445.4pt x 235.63031pt>
File: opatkowice.jpg Graphic file (type jpg)

<use opatkowice.jpg>
Package pdftex.def Info: opatkowice.jpg used on input line 566.
(pdftex.def)             Requested size: 216.80064pt x 35.34302pt.
 <opatkowicewynik.jpg, id=133, 1734.48pt x 284.06125pt>
File: opatkowicewynik.jpg Graphic file (type jpg)

<use opatkowicewynik.jpg>
Package pdftex.def Info: opatkowicewynik.jpg used on input line 570.
(pdftex.def)             Requested size: 173.45816pt x 28.40778pt.
 <drugastrona.JPG, id=134, 1027.84pt x 770.88pt>
File: drugastrona.JPG Graphic file (type jpg)

<use drugastrona.JPG>
Package pdftex.def Info: drugastrona.JPG used on input line 581.
(pdftex.def)             Requested size: 154.16934pt x 115.627pt.
 <drugastronawynik.jpg, id=135, 202.7575pt x 97.36375pt>
File: drugastronawynik.jpg Graphic file (type jpg)

<use drugastronawynik.jpg>
Package pdftex.def Info: drugastronawynik.jpg used on input line 585.
(pdftex.def)             Requested size: 202.757pt x 97.3635pt.
 [27 <./rozbiorka.jpg> <./rozbiorkawynik.jpg> <./opatkowice.jpg> <./opatkowicew
ynik.jpg> <./drugastrona.JPG> <./drugastronawynik.jpg>] <rzedkowice.jpg, id=139
, 622.325pt x 466.74374pt>
File: rzedkowice.jpg Graphic file (type jpg)
 <use rzedkowice.jpg>
Package pdftex.def Info: rzedkowice.jpg used on input line 596.
(pdftex.def)             Requested size: 155.58086pt x 116.68564pt.

<rzedkowicewynik.jpg, id=140, 232.87pt x 78.2925pt>
File: rzedkowicewynik.jpg Graphic file (type jpg)
 <use rzedkowicewynik.jpg>
Package pdftex.def Info: rzedkowicewynik.jpg used on input line 600.
(pdftex.def)             Requested size: 186.29623pt x 62.63406pt.

[28 <./rzedkowice.jpg> <./rzedkowicewynik.jpg>]
Rozdzia\PlPrIeC {\l } 6.
[29


]
Underfull \hbox (badness 10000) in paragraph at lines 611--612
[]\T1/cmr/m/n/12 URL: http://electronics.howstuffworks.com/gadgets/other-gadget
s/braille-
 []


Underfull \hbox (badness 10000) in paragraph at lines 616--617
[]\T1/cmr/m/n/12 URL: http://www.johndcook.com/blog/2009/08/24/algorithms-conve
rt-color-
 []


Overfull \hbox (77.0812pt too wide) in paragraph at lines 630--631
[]\T1/cmr/m/n/12 URL: https://developer.android.com/reference/android/support/v
7/app/AppCompatActivity.html 
 []


Underfull \hbox (badness 1394) in paragraph at lines 631--632
[]\T1/cmr/m/it/12 PorÛwnanie mo-bil-nych sys-te-mÛw An-dro-id, iOS i Win-dows P
ho-ne 8 \T1/cmr/m/n/12 (do-st¶p:
 []

[30


]
Overfull \hbox (16.46138pt too wide) in paragraph at lines 636--637
[]\T1/cmr/m/n/12 URL: https://developer.android.com/reference/android/speech/tt
s/TextToSpeech.html 
 []


Underfull \hbox (badness 10000) in paragraph at lines 646--647
[]\T1/cmr/m/n/12 URL: http://damianchodorek.com/2015/02/12/kurs-android-intent-
intencje-
 []


Underfull \hbox (badness 10000) in paragraph at lines 648--649
[]\T1/cmr/m/n/12 URL: http://smart-soft.net/support/articles/automated-invoice-
processing/the-
 []

[31] (in≈ºynierka.aux) ) 
Here is how much of TeX's memory you used:
 6558 strings out of 493333
 88139 string characters out of 3147408
 239799 words of memory out of 3000000
 9914 multiletter control sequences out of 15000+200000
 21459 words of font info for 50 fonts, out of 3000000 for 9000
 1141 hyphenation exceptions out of 8191
 44i,15n,42p,2251b,1039s stack positions out of 5000i,500n,10000p,200000b,50000s
 <C:\Users\nieop\AppData\Local\MiKTeX\2.9\fonts\pk\ljfo
ur\jknappen\ec\dpi600\ecti1200.pk>{R:/LaTeX/fonts/enc/dvips/base/8r.enc}{R:/Now
y folder/fonts/enc/dvips/pl/plrm.enc}{R:/Nowy folder/fonts/enc/dvips/pl/plmi.en
c}{R:/Nowy folder/fonts/enc/dvips/pl/plms.enc}{R:/Nowy folder/fonts/enc/dvips/p
l/plme.enc} <C:\Users\nieop\AppData\Local\MiKTeX\2.9\fonts\pk\ljfour\jknappen\e
c\dpi600\ecbx1440.pk> <C:\Users\nieop\AppData\Local\MiKTeX\2.9\fonts\pk\ljfour\
jknappen\ec\dpi600\ecrm1000.pk> <C:\Users\nieop\AppData\Local\MiKTeX\2.9\fonts\
pk\ljfour\jknappen\ec\dpi600\ecbx1728.pk> <C:\Users\nieop\AppData\Local\MiKTeX\
2.9\fonts\pk\ljfour\jknappen\ec\dpi600\ecbx1095.pk> <C:\Users\nieop\AppData\Loc
al\MiKTeX\2.9\fonts\pk\ljfour\jknappen\ec\dpi600\ecrm1200.pk> <C:\Users\nieop\A
ppData\Local\MiKTeX\2.9\fonts\pk\ljfour\jknappen\ec\dpi600\ecbx1200.pk> <C:\Use
rs\nieop\AppData\Local\MiKTeX\2.9\fonts\pk\ljfour\jknappen\ec\dpi600\ecbx2488.p
k> <C:\Users\nieop\AppData\Local\MiKTeX\2.9\fonts\pk\ljfour\jknappen\ec\dpi600\
ecbx2074.pk> <C:\Users\nieop\AppData\Local\MiKTeX\2.9\fonts\pk\ljfour\jknappen\
ec\dpi600\ecrm1440.pk> <C:\Users\nieop\AppData\Local\MiKTeX\2.9\fonts\pk\ljfour
\jknappen\ec\dpi600\eccc1728.pk> <C:\Users\nieop\AppData\Local\MiKTeX\2.9\fonts
\pk\ljfour\jknappen\ec\dpi600\ecrm2074.pk><R:/LaTeX/fonts/type1/public/amsfonts
/cm/cmsy10.pfb><R:/Nowy folder/fonts/type1/public/pl/plex10.pfb><R:/Nowy folder
/fonts/type1/public/pl/plmi12.pfb><R:/Nowy folder/fonts/type1/public/pl/plmi6.p
fb><R:/Nowy folder/fonts/type1/public/pl/plmi8.pfb><R:/Nowy folder/fonts/type1/
public/pl/plr12.pfb><R:/Nowy folder/fonts/type1/public/pl/plr6.pfb><R:/Nowy fol
der/fonts/type1/public/pl/plr8.pfb><R:/Nowy folder/fonts/type1/public/pl/plsy10
.pfb><R:/Nowy folder/fonts/type1/public/pl/plsy8.pfb><R:/LaTeX/fonts/type1/urw/
courier/ucrr8a.pfb>
Output written on in≈ºynierka.pdf (32 pages, 1940965 bytes).
PDF statistics:
 732 PDF objects out of 1000 (max. 8388607)
 0 named destinations out of 1000 (max. 500000)
 126 words of extra memory for PDF output out of 10000 (max. 10000000)

